
0.0.6

  * __new__
    - GetStruct: Get struct ast node of a struct name.
    - StructProps: Get properties of a struct.
    - IsArrayType: Is given string an array like exp ?
    - IsStarType: Is given string a star expr ?
    - ToString: Prints ast.Node to string.
  * __updated__
    - MethodParamsToProps: handle func type


  - mh-cbon <mh-cbon@users.noreply.github.com>

-- mh-cbon <mh-cbon@users.noreply.github.com>; Wed, 03 May 2017 10:53:19 +0200



0.0.4

  * MethodParams: handle func type

  - mh-cbon <mh-cbon@users.noreply.github.com>

-- mh-cbon <mh-cbon@users.noreply.github.com>; Tue, 02 May 2017 12:06:15 +0200



0.0.4-beta

  * MethodParams: it now handles starExpr, arrayExpr and ellipsisExpr.
  * added MethodParamsToProps: useful to create a struct/map.

  - mh-cbon <mh-cbon@users.noreply.github.com>

-- mh-cbon <mh-cbon@users.noreply.github.com>; Sun, 30 Apr 2017 16:37:17 +0200



0.0.3

  * various fixes in
    - MethodReturnPointer
    - MethodHasEllipse
    - MethodParamNamesInvokation


  - mh-cbon <mh-cbon@users.noreply.github.com>

-- mh-cbon <mh-cbon@users.noreply.github.com>; Sat, 29 Apr 2017 17:32:56 +0200



0.0.3-beta4

  * fix MethodReturnPointer

  - mh-cbon <mh-cbon@users.noreply.github.com>

-- mh-cbon <mh-cbon@users.noreply.github.com>; Sat, 29 Apr 2017 17:32:56 +0200



0.0.3-beta3

  * fix function MethodHasEllipse when the func does not have any parameters

  - mh-cbon <mh-cbon@users.noreply.github.com>

-- mh-cbon <mh-cbon@users.noreply.github.com>; Sat, 29 Apr 2017 16:35:22 +0200



0.0.3-beta2

  * fix function MethodParamNamesInvokation

  - mh-cbon <mh-cbon@users.noreply.github.com>

-- mh-cbon <mh-cbon@users.noreply.github.com>; Sat, 29 Apr 2017 16:30:56 +0200



0.0.3-beta1

  * Add new function
    - __MethodParamNamesInvokation__(*ast.FuncDecl, withEllipse) bool: return `s...` with `func(s ...string){}`


  - mh-cbon <mh-cbon@users.noreply.github.com>

-- mh-cbon <mh-cbon@users.noreply.github.com>; Sat, 29 Apr 2017 16:28:10 +0200



0.0.3-beta

  * Add new function
    - __MethodHasEllipse__(*ast.FuncDecl) bool: return true if the last params uses ellipse.
  * Initialize tests

  - mh-cbon <mh-cbon@users.noreply.github.com>

-- mh-cbon <mh-cbon@users.noreply.github.com>; Sat, 29 Apr 2017 16:21:15 +0200



0.0.2

  * Add new functions
    - __IsBasic__(string) bool: to konw if t is string/int...
    - __GetPointedType__(string) string: Given `T|*T`, returns `*T`
    - __GetUnpointedType__(string) string: Given `T|*T`, returns `T`
    - __IsAPointedType__(string) bool: Given `*T`, returns `true`


  - mh-cbon <mh-cbon@users.noreply.github.com>

-- mh-cbon <mh-cbon@users.noreply.github.com>; Sat, 29 Apr 2017 15:54:38 +0200



0.0.1

  * Initialize the project.

  - mh-cbon <mh-cbon@users.noreply.github.com>

-- mh-cbon <mh-cbon@users.noreply.github.com>; Sat, 29 Apr 2017 12:32:15 +0200


